<?xml version="1.0" encoding="UTF-8"?>
<coverage generated="1624755964375" clover="3.2.0">
  <project timestamp="1624755964375" name="All files">
    <metrics statements="19" coveredstatements="14" conditionals="4" coveredconditionals="3" methods="1" coveredmethods="1" elements="24" coveredelements="18" complexity="0" loc="19" ncloc="19" packages="1" files="1" classes="1"/>
    <file name="register-vehicle.ts" path="C:\Users\ASUS\Desktop\NODEJS\TDD\class_1\src\controllers\register-vehicle.ts">
      <metrics statements="19" coveredstatements="14" conditionals="4" coveredconditionals="3" methods="1" coveredmethods="1"/>
      <line num="1" count="1" type="stmt"/>
      <line num="2" count="1" type="stmt"/>
      <line num="3" count="1" type="stmt"/>
      <line num="4" count="1" type="cond" truecount="1" falsecount="0"/>
      <line num="5" count="4" type="stmt"/>
      <line num="6" count="4" type="cond" truecount="1" falsecount="0"/>
      <line num="7" count="10" type="cond" truecount="1" falsecount="0"/>
      <line num="8" count="4" type="stmt"/>
      <line num="9" count="4" type="stmt"/>
      <line num="10" count="4" type="stmt"/>
      <line num="11" count="4" type="stmt"/>
      <line num="12" count="4" type="stmt"/>
      <line num="13" count="10" type="stmt"/>
      <line num="14" count="0" type="cond" truecount="0" falsecount="1"/>
      <line num="15" count="0" type="stmt"/>
      <line num="16" count="0" type="stmt"/>
      <line num="17" count="0" type="stmt"/>
      <line num="18" count="0" type="stmt"/>
      <line num="19" count="1" type="stmt"/>
    </file>
  </project>
</coverage>
