TN:
SF:src\controllers\register-vehicle.ts
FN:5,handle
FNF:1
FNH:1
FNDA:4,handle
DA:1,1
DA:2,1
DA:3,1
DA:4,1
DA:5,1
DA:6,4
DA:7,4
DA:8,10
DA:9,4
DA:10,4
DA:11,4
DA:12,4
DA:13,4
DA:14,10
DA:15,0
DA:16,0
DA:17,0
DA:18,0
DA:19,0
DA:20,1
LF:20
LH:15
BRDA:5,0,0,4
BRDA:7,1,0,10
BRDA:8,2,0,4
BRDA:15,3,0,0
BRF:4
BRH:3
end_of_record
TN:
SF:src\errors\client-error.ts
FN:2,MissingFormalParameter
FNF:1
FNH:1
FNDA:8,MissingFormalParameter
DA:1,1
DA:2,1
DA:3,8
DA:4,8
DA:5,1
LF:5
LH:5
BRDA:2,0,0,8
BRF:1
BRH:1
end_of_record
