TN:
SF:src\models\food-model.ts
FN:2,FoodModel
FN:6,getName
FN:8,getDescription
FN:10,getPrice
FNF:4
FNH:4
FNDA:1,FoodModel
FNDA:1,getName
FNDA:1,getDescription
FNDA:1,getPrice
DA:1,1
DA:2,1
DA:3,1
DA:4,1
DA:5,1
DA:6,1
DA:7,1
DA:8,1
DA:9,1
DA:10,1
DA:11,1
LF:11
LH:11
BRDA:2,0,0,1
BRDA:6,1,0,1
BRDA:8,2,0,1
BRDA:10,3,0,1
BRF:4
BRH:4
end_of_record
TN:
SF:src\models\vehicle-model.ts
FN:2,VehicleModel
FN:6,getName
FN:10,getModel
FN:14,getYear
FNF:4
FNH:4
FNDA:1,VehicleModel
FNDA:1,getName
FNDA:1,getModel
FNDA:1,getYear
DA:1,1
DA:2,1
DA:3,1
DA:4,1
DA:5,1
DA:6,1
DA:7,1
DA:8,1
DA:9,1
DA:10,1
DA:11,1
DA:12,1
DA:13,1
DA:14,1
DA:15,1
DA:16,1
DA:17,1
LF:17
LH:17
BRDA:2,0,0,1
BRDA:6,1,0,1
BRDA:10,2,0,1
BRDA:14,3,0,1
BRF:4
BRH:4
end_of_record
